2024-01-04 12:07:15,041 INFO [ru.clevertec.service.proxy.ProxyCarDAOImpl] - Метод save() ProxyCarImpl.Объект Car Car(id=6a810f7f-15b5-4605-bde0-8577d361517e, brand=Toyota, model=Hilux, bodyType=PICKUP, engineCapacity=2.5, fuelType=DIESEL) сохраненение/обновление в БД
2024-01-04 12:07:15,245 INFO [ru.clevertec.service.proxy.ProxyCarDAOImpl] - Метод save() ProxyCarImpl.Объект Car Car(id=6a810f7f-15b5-4605-bde0-8577d361517e, brand=Toyota, model=Hilux, bodyType=PICKUP, engineCapacity=2.5, fuelType=DIESEL) сохраненение/обновление в кеш
2024-01-04 12:07:15,246 INFO [ru.clevertec.cache.impl.LFUCache] - Метод put() LFUCache. Объект из кеша с id 6a810f7f-15b5-4605-bde0-8577d361517e: null
2024-01-04 12:07:15,246 INFO [ru.clevertec.cache.impl.LFUCache] - Метод put() LFUCache. Добавление нового значения в кеш: Car(id=6a810f7f-15b5-4605-bde0-8577d361517e, brand=Toyota, model=Hilux, bodyType=PICKUP, engineCapacity=2.5, fuelType=DIESEL)
2024-01-04 12:07:15,246 INFO [ru.clevertec.cache.impl.LFUCache] - Метод put() LFUCache. Объект из кеша с id 6a810f7f-15b5-4605-bde0-8577d361517e: Car(id=6a810f7f-15b5-4605-bde0-8577d361517e, brand=Toyota, model=Hilux, bodyType=PICKUP, engineCapacity=2.5, fuelType=DIESEL)
2024-01-04 12:07:15,247 INFO [ru.clevertec.service.proxy.ProxyCarDAOImpl] - Метод save() ProxyCarImpl.Объект Car Car(id=8b37bfe5-7a00-475f-bbe1-c20592c026c2, brand=BMW, model=5 G30, bodyType=SEDAN, engineCapacity=3.0, fuelType=DIESEL) сохраненение/обновление в БД
2024-01-04 12:07:15,377 INFO [ru.clevertec.service.proxy.ProxyCarDAOImpl] - Метод save() ProxyCarImpl.Объект Car Car(id=8b37bfe5-7a00-475f-bbe1-c20592c026c2, brand=BMW, model=5 G30, bodyType=SEDAN, engineCapacity=3.0, fuelType=DIESEL) сохраненение/обновление в кеш
2024-01-04 12:07:15,377 INFO [ru.clevertec.cache.impl.LFUCache] - Метод put() LFUCache. Объект из кеша с id 8b37bfe5-7a00-475f-bbe1-c20592c026c2: null
2024-01-04 12:07:15,377 INFO [ru.clevertec.cache.impl.LFUCache] - Метод put() LFUCache. Добавление нового значения в кеш: Car(id=8b37bfe5-7a00-475f-bbe1-c20592c026c2, brand=BMW, model=5 G30, bodyType=SEDAN, engineCapacity=3.0, fuelType=DIESEL)
2024-01-04 12:07:15,377 INFO [ru.clevertec.cache.impl.LFUCache] - Метод put() LFUCache. Объект из кеша с id 8b37bfe5-7a00-475f-bbe1-c20592c026c2: Car(id=8b37bfe5-7a00-475f-bbe1-c20592c026c2, brand=BMW, model=5 G30, bodyType=SEDAN, engineCapacity=3.0, fuelType=DIESEL)
2024-01-04 12:07:15,377 INFO [ru.clevertec.service.proxy.ProxyCarDAOImpl] - Метод save() ProxyCarImpl.Объект Car Car(id=434a6512-526c-4576-b76f-d92cc110ccda, brand=Volkswagen, model=Passat B8, bodyType=STATION_WAGON, engineCapacity=2.0, fuelType=PETROL) сохраненение/обновление в БД
2024-01-04 12:07:15,503 INFO [ru.clevertec.service.proxy.ProxyCarDAOImpl] - Метод save() ProxyCarImpl.Объект Car Car(id=434a6512-526c-4576-b76f-d92cc110ccda, brand=Volkswagen, model=Passat B8, bodyType=STATION_WAGON, engineCapacity=2.0, fuelType=PETROL) сохраненение/обновление в кеш
2024-01-04 12:07:15,504 INFO [ru.clevertec.cache.impl.LFUCache] - Метод put() LFUCache. Объект из кеша с id 434a6512-526c-4576-b76f-d92cc110ccda: null
2024-01-04 12:07:15,504 INFO [ru.clevertec.cache.impl.LFUCache] - Метод put() LFUCache. Добавление нового значения в кеш: Car(id=434a6512-526c-4576-b76f-d92cc110ccda, brand=Volkswagen, model=Passat B8, bodyType=STATION_WAGON, engineCapacity=2.0, fuelType=PETROL)
2024-01-04 12:07:15,504 INFO [ru.clevertec.cache.impl.LFUCache] - Метод put() LFUCache. Объект из кеша с id 434a6512-526c-4576-b76f-d92cc110ccda: Car(id=434a6512-526c-4576-b76f-d92cc110ccda, brand=Volkswagen, model=Passat B8, bodyType=STATION_WAGON, engineCapacity=2.0, fuelType=PETROL)
2024-01-04 12:07:15,504 INFO [ru.clevertec.service.proxy.ProxyCarDAOImpl] - Метод save() ProxyCarImpl.Объект Car Car(id=68e4f0a5-9f05-4757-9c48-5768fa1dad24, brand=Toyota, model=Hilux, bodyType=PICKUP, engineCapacity=2.5, fuelType=DIESEL) сохраненение/обновление в БД
2024-01-04 12:07:15,626 INFO [ru.clevertec.service.proxy.ProxyCarDAOImpl] - Метод save() ProxyCarImpl.Объект Car Car(id=68e4f0a5-9f05-4757-9c48-5768fa1dad24, brand=Toyota, model=Hilux, bodyType=PICKUP, engineCapacity=2.5, fuelType=DIESEL) сохраненение/обновление в кеш
2024-01-04 12:07:15,626 INFO [ru.clevertec.cache.impl.LFUCache] - Метод put() LFUCache. Объект из кеша с id 68e4f0a5-9f05-4757-9c48-5768fa1dad24: null
2024-01-04 12:07:15,626 INFO [ru.clevertec.cache.impl.LFUCache] - Метод put() LFUCache. Добавление нового значения в кеш: Car(id=68e4f0a5-9f05-4757-9c48-5768fa1dad24, brand=Toyota, model=Hilux, bodyType=PICKUP, engineCapacity=2.5, fuelType=DIESEL)
2024-01-04 12:07:15,626 INFO [ru.clevertec.cache.impl.LFUCache] - Метод put() LFUCache. Объект из кеша с id 68e4f0a5-9f05-4757-9c48-5768fa1dad24: Car(id=68e4f0a5-9f05-4757-9c48-5768fa1dad24, brand=Toyota, model=Hilux, bodyType=PICKUP, engineCapacity=2.5, fuelType=DIESEL)
2024-01-04 12:07:15,627 INFO [ru.clevertec.service.proxy.ProxyCarDAOImpl] - Метод save() ProxyCarImpl.Объект Car Car(id=a862bf00-7fca-4ecb-8278-c8b29c89924d, brand=BMW, model=5 G30, bodyType=SEDAN, engineCapacity=3.0, fuelType=DIESEL) сохраненение/обновление в БД
2024-01-04 12:07:15,755 INFO [ru.clevertec.service.proxy.ProxyCarDAOImpl] - Метод save() ProxyCarImpl.Объект Car Car(id=a862bf00-7fca-4ecb-8278-c8b29c89924d, brand=BMW, model=5 G30, bodyType=SEDAN, engineCapacity=3.0, fuelType=DIESEL) сохраненение/обновление в кеш
2024-01-04 12:07:15,755 INFO [ru.clevertec.cache.impl.LFUCache] - Метод put() LFUCache. Объект из кеша с id a862bf00-7fca-4ecb-8278-c8b29c89924d: null
2024-01-04 12:07:15,756 INFO [ru.clevertec.cache.impl.LFUCache] - Метод put() LFUCache. Превышен размер кеша. Удаление наиболее старого значения
2024-01-04 12:07:15,757 INFO [ru.clevertec.cache.impl.LFUCache] - Метод put() LFUCache. Добавление нового значения в кеш: Car(id=a862bf00-7fca-4ecb-8278-c8b29c89924d, brand=BMW, model=5 G30, bodyType=SEDAN, engineCapacity=3.0, fuelType=DIESEL)
2024-01-04 12:07:15,757 INFO [ru.clevertec.cache.impl.LFUCache] - Метод put() LFUCache. Объект из кеша с id a862bf00-7fca-4ecb-8278-c8b29c89924d: Car(id=a862bf00-7fca-4ecb-8278-c8b29c89924d, brand=BMW, model=5 G30, bodyType=SEDAN, engineCapacity=3.0, fuelType=DIESEL)
2024-01-04 12:07:15,757 INFO [ru.clevertec.service.proxy.ProxyCarDAOImpl] - Метод save() ProxyCarImpl.Объект Car Car(id=fa301e8a-8498-408e-886b-87189f7a143b, brand=BMW, model=5 G30, bodyType=SEDAN, engineCapacity=3.0, fuelType=DIESEL) сохраненение/обновление в БД
2024-01-04 12:07:15,880 INFO [ru.clevertec.service.proxy.ProxyCarDAOImpl] - Метод save() ProxyCarImpl.Объект Car Car(id=fa301e8a-8498-408e-886b-87189f7a143b, brand=BMW, model=5 G30, bodyType=SEDAN, engineCapacity=3.0, fuelType=DIESEL) сохраненение/обновление в кеш
2024-01-04 12:07:15,880 INFO [ru.clevertec.cache.impl.LFUCache] - Метод put() LFUCache. Объект из кеша с id fa301e8a-8498-408e-886b-87189f7a143b: null
2024-01-04 12:07:15,881 INFO [ru.clevertec.cache.impl.LFUCache] - Метод put() LFUCache. Превышен размер кеша. Удаление наиболее старого значения
2024-01-04 12:07:15,881 INFO [ru.clevertec.cache.impl.LFUCache] - Метод put() LFUCache. Добавление нового значения в кеш: Car(id=fa301e8a-8498-408e-886b-87189f7a143b, brand=BMW, model=5 G30, bodyType=SEDAN, engineCapacity=3.0, fuelType=DIESEL)
2024-01-04 12:07:15,881 INFO [ru.clevertec.cache.impl.LFUCache] - Метод put() LFUCache. Объект из кеша с id fa301e8a-8498-408e-886b-87189f7a143b: Car(id=fa301e8a-8498-408e-886b-87189f7a143b, brand=BMW, model=5 G30, bodyType=SEDAN, engineCapacity=3.0, fuelType=DIESEL)
2024-01-04 12:07:15,881 INFO [ru.clevertec.service.proxy.ProxyCarDAOImpl] - Метод save() ProxyCarImpl.Объект Car Car(id=c8016448-8fb0-47d6-8cf8-cd65f4c9a0d6, brand=BMW, model=730, bodyType=SEDAN, engineCapacity=3.0, fuelType=PETROL) сохраненение/обновление в БД
2024-01-04 12:07:16,012 INFO [ru.clevertec.service.proxy.ProxyCarDAOImpl] - Метод save() ProxyCarImpl.Объект Car Car(id=c8016448-8fb0-47d6-8cf8-cd65f4c9a0d6, brand=BMW, model=730, bodyType=SEDAN, engineCapacity=3.0, fuelType=PETROL) сохраненение/обновление в кеш
2024-01-04 12:07:16,012 INFO [ru.clevertec.cache.impl.LFUCache] - Метод put() LFUCache. Объект из кеша с id c8016448-8fb0-47d6-8cf8-cd65f4c9a0d6: null
2024-01-04 12:07:16,012 INFO [ru.clevertec.cache.impl.LFUCache] - Метод put() LFUCache. Превышен размер кеша. Удаление наиболее старого значения
2024-01-04 12:07:16,012 INFO [ru.clevertec.cache.impl.LFUCache] - Метод put() LFUCache. Добавление нового значения в кеш: Car(id=c8016448-8fb0-47d6-8cf8-cd65f4c9a0d6, brand=BMW, model=730, bodyType=SEDAN, engineCapacity=3.0, fuelType=PETROL)
2024-01-04 12:07:16,012 INFO [ru.clevertec.cache.impl.LFUCache] - Метод put() LFUCache. Объект из кеша с id c8016448-8fb0-47d6-8cf8-cd65f4c9a0d6: Car(id=c8016448-8fb0-47d6-8cf8-cd65f4c9a0d6, brand=BMW, model=730, bodyType=SEDAN, engineCapacity=3.0, fuelType=PETROL)
2024-01-04 12:07:16,013 INFO [ru.clevertec.service.proxy.ProxyCarDAOImpl] - Метод delete() ProxyCarImpl.Объект Car с uuid 26635638-2f30-4891-81a0-bcac1f97b0d4 удаление из БД
2024-01-04 12:07:16,076 INFO [ru.clevertec.service.proxy.ProxyCarDAOImpl] - Метод delete() ProxyCarImpl.Объект Car с uuid 26635638-2f30-4891-81a0-bcac1f97b0d4 удаление из кеша
2024-01-04 12:07:16,077 INFO [ru.clevertec.cache.impl.LFUCache] - Метод put() LFUCache. Удаление объект из кеша с id 26635638-2f30-4891-81a0-bcac1f97b0d4: null
2024-01-04 12:07:16,077 INFO [ru.clevertec.service.proxy.ProxyCarDAOImpl] - Метод findById() ProxyCarImpl.Получение объекта Car с uuid 26635638-2f30-4891-81a0-bcac1f97b0d4 из кеша
2024-01-04 12:07:16,077 INFO [ru.clevertec.cache.impl.LFUCache] - Метод put() LFUCache.Объект с id 26635638-2f30-4891-81a0-bcac1f97b0d4: null
2024-01-04 12:07:16,077 INFO [ru.clevertec.service.proxy.ProxyCarDAOImpl] - Метод findById() ProxyCarImpl.Объект Car с uuid 26635638-2f30-4891-81a0-bcac1f97b0d4 из кеша равен null
2024-01-04 12:07:16,077 INFO [ru.clevertec.service.proxy.ProxyCarDAOImpl] - Метод findById() ProxyCarImpl.Получение объекта Car с uuid 26635638-2f30-4891-81a0-bcac1f97b0d4 из БД
2024-01-04 12:07:16,137 ERROR [ru.clevertec.Main] - Car with uuid: 26635638-2f30-4891-81a0-bcac1f97b0d4 not found
2024-01-04 12:07:16,137 INFO [ru.clevertec.service.proxy.ProxyCarDAOImpl] - Метод findById() ProxyCarImpl.Получение объекта Car с uuid 1be4206e-787f-4708-924f-1adf9dd9a5da из кеша
2024-01-04 12:07:16,138 INFO [ru.clevertec.cache.impl.LFUCache] - Метод put() LFUCache.Объект с id 1be4206e-787f-4708-924f-1adf9dd9a5da: null
2024-01-04 12:07:16,138 INFO [ru.clevertec.service.proxy.ProxyCarDAOImpl] - Метод findById() ProxyCarImpl.Объект Car с uuid 1be4206e-787f-4708-924f-1adf9dd9a5da из кеша равен null
2024-01-04 12:07:16,138 INFO [ru.clevertec.service.proxy.ProxyCarDAOImpl] - Метод findById() ProxyCarImpl.Получение объекта Car с uuid 1be4206e-787f-4708-924f-1adf9dd9a5da из БД
2024-01-04 12:07:16,207 INFO [ru.clevertec.service.proxy.ProxyCarDAOImpl] - Метод findById() ProxyCarImpl.Обновление объекта Car с uuid 1be4206e-787f-4708-924f-1adf9dd9a5da в кеше
2024-01-04 12:07:16,207 INFO [ru.clevertec.cache.impl.LFUCache] - Метод put() LFUCache. Объект из кеша с id 1be4206e-787f-4708-924f-1adf9dd9a5da: null
2024-01-04 12:07:16,208 INFO [ru.clevertec.cache.impl.LFUCache] - Метод put() LFUCache. Превышен размер кеша. Удаление наиболее старого значения
2024-01-04 12:07:16,208 INFO [ru.clevertec.cache.impl.LFUCache] - Метод put() LFUCache. Добавление нового значения в кеш: Car(id=1be4206e-787f-4708-924f-1adf9dd9a5da, brand=BMW, model=730, bodyType=SEDAN, engineCapacity=3.0, fuelType=PETROL)
2024-01-04 12:07:16,208 INFO [ru.clevertec.cache.impl.LFUCache] - Метод put() LFUCache. Объект из кеша с id 1be4206e-787f-4708-924f-1adf9dd9a5da: Car(id=1be4206e-787f-4708-924f-1adf9dd9a5da, brand=BMW, model=730, bodyType=SEDAN, engineCapacity=3.0, fuelType=PETROL)
2024-01-04 12:07:16,215 INFO [ru.clevertec.service.proxy.ProxyCarDAOImpl] - Метод findById() ProxyCarImpl.Получение объекта Car с uuid 1be4206e-787f-4708-924f-1adf9dd9a5da из кеша
2024-01-04 12:07:16,215 INFO [ru.clevertec.cache.impl.LFUCache] - Метод put() LFUCache.Объект с id 1be4206e-787f-4708-924f-1adf9dd9a5da: Car(id=1be4206e-787f-4708-924f-1adf9dd9a5da, brand=BMW, model=730, bodyType=SEDAN, engineCapacity=3.0, fuelType=PETROL)
2024-01-04 12:07:16,215 INFO [ru.clevertec.service.proxy.ProxyCarDAOImpl] - Метод findById() ProxyCarImpl.Обновление объекта Car с uuid 1be4206e-787f-4708-924f-1adf9dd9a5da в кеше
2024-01-04 12:07:16,215 INFO [ru.clevertec.cache.impl.LFUCache] - Метод put() LFUCache. Обновление счетчика значения в кеш: Car(id=1be4206e-787f-4708-924f-1adf9dd9a5da, brand=BMW, model=730, bodyType=SEDAN, engineCapacity=3.0, fuelType=PETROL)
2024-01-04 12:07:16,215 INFO [ru.clevertec.cache.impl.LFUCache] - Метод put() LFUCache. Объект из кеша с id 1be4206e-787f-4708-924f-1adf9dd9a5da: Car(id=1be4206e-787f-4708-924f-1adf9dd9a5da, brand=BMW, model=730, bodyType=SEDAN, engineCapacity=3.0, fuelType=PETROL)
2024-01-04 12:07:16,215 INFO [ru.clevertec.service.proxy.ProxyCarDAOImpl] - Метод save() ProxyCarImpl.Объект Car Car(id=1be4206e-787f-4708-924f-1adf9dd9a5da, brand=BMW, model=730, bodyType=SEDAN, engineCapacity=3.0, fuelType=PETROL) сохраненение/обновление в БД
2024-01-04 12:07:16,462 INFO [ru.clevertec.service.proxy.ProxyCarDAOImpl] - Метод save() ProxyCarImpl.Объект Car Car(id=1be4206e-787f-4708-924f-1adf9dd9a5da, brand=BMW, model=730, bodyType=SEDAN, engineCapacity=3.0, fuelType=PETROL) сохраненение/обновление в кеш
2024-01-04 12:07:16,463 INFO [ru.clevertec.cache.impl.LFUCache] - Метод put() LFUCache. Обновление счетчика значения в кеш: Car(id=1be4206e-787f-4708-924f-1adf9dd9a5da, brand=BMW, model=730, bodyType=SEDAN, engineCapacity=3.0, fuelType=PETROL)
2024-01-04 12:07:16,463 INFO [ru.clevertec.cache.impl.LFUCache] - Метод put() LFUCache. Объект из кеша с id 1be4206e-787f-4708-924f-1adf9dd9a5da: Car(id=1be4206e-787f-4708-924f-1adf9dd9a5da, brand=BMW, model=730, bodyType=SEDAN, engineCapacity=3.0, fuelType=PETROL)
2024-01-04 12:07:16,467 ERROR [ru.clevertec.Main] - Invalid field brand
2024-01-04 12:07:16,546 INFO [ru.clevertec.service.proxy.ProxyCarDAOImpl] - Метод findAll() ProxyCarImpl.Получение List<Car> из БД
2024-01-04 12:16:31,699 INFO [ru.clevertec.service.proxy.ProxyCarDAOImpl] - Метод save() ProxyCarImpl.Объект Car Car(id=a0291ac6-f333-42f1-b8f4-2a0603cc74e8, brand=Toyota, model=Hilux, bodyType=PICKUP, engineCapacity=2.5, fuelType=DIESEL) сохраненение/обновление в БД - save30
2024-01-04 12:16:31,911 INFO [ru.clevertec.service.proxy.ProxyCarDAOImpl] - Метод save() ProxyCarImpl.Объект Car Car(id=a0291ac6-f333-42f1-b8f4-2a0603cc74e8, brand=Toyota, model=Hilux, bodyType=PICKUP, engineCapacity=2.5, fuelType=DIESEL) сохраненение/обновление в кеш - save32
2024-01-04 12:16:31,911 INFO [ru.clevertec.cache.impl.LFUCache] - Метод put() LFUCache. Объект из кеша с id a0291ac6-f333-42f1-b8f4-2a0603cc74e8: null - put54
2024-01-04 12:16:31,911 INFO [ru.clevertec.cache.impl.LFUCache] - Метод put() LFUCache. Добавление нового значения в кеш: Car(id=a0291ac6-f333-42f1-b8f4-2a0603cc74e8, brand=Toyota, model=Hilux, bodyType=PICKUP, engineCapacity=2.5, fuelType=DIESEL) - put59
2024-01-04 12:16:31,912 INFO [ru.clevertec.cache.impl.LFUCache] - Метод put() LFUCache. Объект из кеша с id a0291ac6-f333-42f1-b8f4-2a0603cc74e8: Car(id=a0291ac6-f333-42f1-b8f4-2a0603cc74e8, brand=Toyota, model=Hilux, bodyType=PICKUP, engineCapacity=2.5, fuelType=DIESEL) - put76
2024-01-04 12:16:31,912 INFO [ru.clevertec.service.proxy.ProxyCarDAOImpl] - Метод save() ProxyCarImpl.Объект Car Car(id=a19ce46e-b51f-4daa-a276-a5194fef549c, brand=BMW, model=5 G30, bodyType=SEDAN, engineCapacity=3.0, fuelType=DIESEL) сохраненение/обновление в БД - save30
2024-01-04 12:16:32,058 INFO [ru.clevertec.service.proxy.ProxyCarDAOImpl] - Метод save() ProxyCarImpl.Объект Car Car(id=a19ce46e-b51f-4daa-a276-a5194fef549c, brand=BMW, model=5 G30, bodyType=SEDAN, engineCapacity=3.0, fuelType=DIESEL) сохраненение/обновление в кеш - save32
2024-01-04 12:16:32,058 INFO [ru.clevertec.cache.impl.LFUCache] - Метод put() LFUCache. Объект из кеша с id a19ce46e-b51f-4daa-a276-a5194fef549c: null - put54
2024-01-04 12:16:32,058 INFO [ru.clevertec.cache.impl.LFUCache] - Метод put() LFUCache. Добавление нового значения в кеш: Car(id=a19ce46e-b51f-4daa-a276-a5194fef549c, brand=BMW, model=5 G30, bodyType=SEDAN, engineCapacity=3.0, fuelType=DIESEL) - put59
2024-01-04 12:16:32,058 INFO [ru.clevertec.cache.impl.LFUCache] - Метод put() LFUCache. Объект из кеша с id a19ce46e-b51f-4daa-a276-a5194fef549c: Car(id=a19ce46e-b51f-4daa-a276-a5194fef549c, brand=BMW, model=5 G30, bodyType=SEDAN, engineCapacity=3.0, fuelType=DIESEL) - put76
2024-01-04 12:16:32,059 INFO [ru.clevertec.service.proxy.ProxyCarDAOImpl] - Метод save() ProxyCarImpl.Объект Car Car(id=0c4c391e-ea29-442f-a731-e33cbad66c06, brand=Volkswagen, model=Passat B8, bodyType=STATION_WAGON, engineCapacity=2.0, fuelType=PETROL) сохраненение/обновление в БД - save30
2024-01-04 12:16:32,179 INFO [ru.clevertec.service.proxy.ProxyCarDAOImpl] - Метод save() ProxyCarImpl.Объект Car Car(id=0c4c391e-ea29-442f-a731-e33cbad66c06, brand=Volkswagen, model=Passat B8, bodyType=STATION_WAGON, engineCapacity=2.0, fuelType=PETROL) сохраненение/обновление в кеш - save32
2024-01-04 12:16:32,180 INFO [ru.clevertec.cache.impl.LFUCache] - Метод put() LFUCache. Объект из кеша с id 0c4c391e-ea29-442f-a731-e33cbad66c06: null - put54
2024-01-04 12:16:32,180 INFO [ru.clevertec.cache.impl.LFUCache] - Метод put() LFUCache. Добавление нового значения в кеш: Car(id=0c4c391e-ea29-442f-a731-e33cbad66c06, brand=Volkswagen, model=Passat B8, bodyType=STATION_WAGON, engineCapacity=2.0, fuelType=PETROL) - put59
2024-01-04 12:16:32,180 INFO [ru.clevertec.cache.impl.LFUCache] - Метод put() LFUCache. Объект из кеша с id 0c4c391e-ea29-442f-a731-e33cbad66c06: Car(id=0c4c391e-ea29-442f-a731-e33cbad66c06, brand=Volkswagen, model=Passat B8, bodyType=STATION_WAGON, engineCapacity=2.0, fuelType=PETROL) - put76
2024-01-04 12:16:32,180 INFO [ru.clevertec.service.proxy.ProxyCarDAOImpl] - Метод save() ProxyCarImpl.Объект Car Car(id=de6075f2-c79e-420f-a151-bf6113a6bfa6, brand=Toyota, model=Hilux, bodyType=PICKUP, engineCapacity=2.5, fuelType=DIESEL) сохраненение/обновление в БД - save30
2024-01-04 12:16:32,313 INFO [ru.clevertec.service.proxy.ProxyCarDAOImpl] - Метод save() ProxyCarImpl.Объект Car Car(id=de6075f2-c79e-420f-a151-bf6113a6bfa6, brand=Toyota, model=Hilux, bodyType=PICKUP, engineCapacity=2.5, fuelType=DIESEL) сохраненение/обновление в кеш - save32
2024-01-04 12:16:32,313 INFO [ru.clevertec.cache.impl.LFUCache] - Метод put() LFUCache. Объект из кеша с id de6075f2-c79e-420f-a151-bf6113a6bfa6: null - put54
2024-01-04 12:16:32,314 INFO [ru.clevertec.cache.impl.LFUCache] - Метод put() LFUCache. Добавление нового значения в кеш: Car(id=de6075f2-c79e-420f-a151-bf6113a6bfa6, brand=Toyota, model=Hilux, bodyType=PICKUP, engineCapacity=2.5, fuelType=DIESEL) - put59
2024-01-04 12:16:32,314 INFO [ru.clevertec.cache.impl.LFUCache] - Метод put() LFUCache. Объект из кеша с id de6075f2-c79e-420f-a151-bf6113a6bfa6: Car(id=de6075f2-c79e-420f-a151-bf6113a6bfa6, brand=Toyota, model=Hilux, bodyType=PICKUP, engineCapacity=2.5, fuelType=DIESEL) - put76
2024-01-04 12:16:32,315 INFO [ru.clevertec.service.proxy.ProxyCarDAOImpl] - Метод save() ProxyCarImpl.Объект Car Car(id=40f997d3-926c-4361-938e-a752df0a5b29, brand=BMW, model=5 G30, bodyType=SEDAN, engineCapacity=3.0, fuelType=DIESEL) сохраненение/обновление в БД - save30
2024-01-04 12:16:32,455 INFO [ru.clevertec.service.proxy.ProxyCarDAOImpl] - Метод save() ProxyCarImpl.Объект Car Car(id=40f997d3-926c-4361-938e-a752df0a5b29, brand=BMW, model=5 G30, bodyType=SEDAN, engineCapacity=3.0, fuelType=DIESEL) сохраненение/обновление в кеш - save32
2024-01-04 12:16:32,455 INFO [ru.clevertec.cache.impl.LFUCache] - Метод put() LFUCache. Объект из кеша с id 40f997d3-926c-4361-938e-a752df0a5b29: null - put54
2024-01-04 12:16:32,456 INFO [ru.clevertec.cache.impl.LFUCache] - Метод put() LFUCache. Превышен размер кеша. Удаление наиболее старого значения - put56
2024-01-04 12:16:32,457 INFO [ru.clevertec.cache.impl.LFUCache] - Метод put() LFUCache. Добавление нового значения в кеш: Car(id=40f997d3-926c-4361-938e-a752df0a5b29, brand=BMW, model=5 G30, bodyType=SEDAN, engineCapacity=3.0, fuelType=DIESEL) - put59
2024-01-04 12:16:32,457 INFO [ru.clevertec.cache.impl.LFUCache] - Метод put() LFUCache. Объект из кеша с id 40f997d3-926c-4361-938e-a752df0a5b29: Car(id=40f997d3-926c-4361-938e-a752df0a5b29, brand=BMW, model=5 G30, bodyType=SEDAN, engineCapacity=3.0, fuelType=DIESEL) - put76
2024-01-04 12:16:32,458 INFO [ru.clevertec.service.proxy.ProxyCarDAOImpl] - Метод save() ProxyCarImpl.Объект Car Car(id=000be7a7-6138-4413-a853-0c2b53fc8c03, brand=BMW, model=5 G30, bodyType=SEDAN, engineCapacity=3.0, fuelType=DIESEL) сохраненение/обновление в БД - save30
2024-01-04 12:16:32,602 INFO [ru.clevertec.service.proxy.ProxyCarDAOImpl] - Метод save() ProxyCarImpl.Объект Car Car(id=000be7a7-6138-4413-a853-0c2b53fc8c03, brand=BMW, model=5 G30, bodyType=SEDAN, engineCapacity=3.0, fuelType=DIESEL) сохраненение/обновление в кеш - save32
2024-01-04 12:16:32,603 INFO [ru.clevertec.cache.impl.LFUCache] - Метод put() LFUCache. Объект из кеша с id 000be7a7-6138-4413-a853-0c2b53fc8c03: null - put54
2024-01-04 12:16:32,603 INFO [ru.clevertec.cache.impl.LFUCache] - Метод put() LFUCache. Превышен размер кеша. Удаление наиболее старого значения - put56
2024-01-04 12:16:32,603 INFO [ru.clevertec.cache.impl.LFUCache] - Метод put() LFUCache. Добавление нового значения в кеш: Car(id=000be7a7-6138-4413-a853-0c2b53fc8c03, brand=BMW, model=5 G30, bodyType=SEDAN, engineCapacity=3.0, fuelType=DIESEL) - put59
2024-01-04 12:16:32,604 INFO [ru.clevertec.cache.impl.LFUCache] - Метод put() LFUCache. Объект из кеша с id 000be7a7-6138-4413-a853-0c2b53fc8c03: Car(id=000be7a7-6138-4413-a853-0c2b53fc8c03, brand=BMW, model=5 G30, bodyType=SEDAN, engineCapacity=3.0, fuelType=DIESEL) - put76
2024-01-04 12:16:32,605 INFO [ru.clevertec.service.proxy.ProxyCarDAOImpl] - Метод save() ProxyCarImpl.Объект Car Car(id=157d3d3a-6d85-4557-a930-88869efdab9c, brand=BMW, model=730, bodyType=SEDAN, engineCapacity=3.0, fuelType=PETROL) сохраненение/обновление в БД - save30
2024-01-04 12:16:32,743 INFO [ru.clevertec.service.proxy.ProxyCarDAOImpl] - Метод save() ProxyCarImpl.Объект Car Car(id=157d3d3a-6d85-4557-a930-88869efdab9c, brand=BMW, model=730, bodyType=SEDAN, engineCapacity=3.0, fuelType=PETROL) сохраненение/обновление в кеш - save32
2024-01-04 12:16:32,744 INFO [ru.clevertec.cache.impl.LFUCache] - Метод put() LFUCache. Объект из кеша с id 157d3d3a-6d85-4557-a930-88869efdab9c: null - put54
2024-01-04 12:16:32,744 INFO [ru.clevertec.cache.impl.LFUCache] - Метод put() LFUCache. Превышен размер кеша. Удаление наиболее старого значения - put56
2024-01-04 12:16:32,744 INFO [ru.clevertec.cache.impl.LFUCache] - Метод put() LFUCache. Добавление нового значения в кеш: Car(id=157d3d3a-6d85-4557-a930-88869efdab9c, brand=BMW, model=730, bodyType=SEDAN, engineCapacity=3.0, fuelType=PETROL) - put59
2024-01-04 12:16:32,745 INFO [ru.clevertec.cache.impl.LFUCache] - Метод put() LFUCache. Объект из кеша с id 157d3d3a-6d85-4557-a930-88869efdab9c: Car(id=157d3d3a-6d85-4557-a930-88869efdab9c, brand=BMW, model=730, bodyType=SEDAN, engineCapacity=3.0, fuelType=PETROL) - put76
2024-01-04 12:16:32,745 INFO [ru.clevertec.service.proxy.ProxyCarDAOImpl] - Метод delete() ProxyCarImpl.Объект Car с uuid 26635638-2f30-4891-81a0-bcac1f97b0d4 удаление из БД - delete43
2024-01-04 12:16:32,817 INFO [ru.clevertec.service.proxy.ProxyCarDAOImpl] - Метод delete() ProxyCarImpl.Объект Car с uuid 26635638-2f30-4891-81a0-bcac1f97b0d4 удаление из кеша - delete45
2024-01-04 12:16:32,817 INFO [ru.clevertec.cache.impl.LFUCache] - Метод put() LFUCache. Удаление объект из кеша с id 26635638-2f30-4891-81a0-bcac1f97b0d4: null - removeByKey134
2024-01-04 12:16:32,817 INFO [ru.clevertec.service.proxy.ProxyCarDAOImpl] - Метод findById() ProxyCarImpl.Получение объекта Car с uuid 26635638-2f30-4891-81a0-bcac1f97b0d4 из кеша - findById68
2024-01-04 12:16:32,817 INFO [ru.clevertec.cache.impl.LFUCache] - Метод put() LFUCache.Объект с id 26635638-2f30-4891-81a0-bcac1f97b0d4: null - get37
2024-01-04 12:16:32,817 INFO [ru.clevertec.service.proxy.ProxyCarDAOImpl] - Метод findById() ProxyCarImpl.Объект Car с uuid 26635638-2f30-4891-81a0-bcac1f97b0d4 из кеша равен null - findById71
2024-01-04 12:16:32,818 INFO [ru.clevertec.service.proxy.ProxyCarDAOImpl] - Метод findById() ProxyCarImpl.Получение объекта Car с uuid 26635638-2f30-4891-81a0-bcac1f97b0d4 из БД - findById72
2024-01-04 12:16:32,879 ERROR [ru.clevertec.Main] - Car with uuid: 26635638-2f30-4891-81a0-bcac1f97b0d4 not found - main51
2024-01-04 12:16:32,879 INFO [ru.clevertec.service.proxy.ProxyCarDAOImpl] - Метод findById() ProxyCarImpl.Получение объекта Car с uuid 1be4206e-787f-4708-924f-1adf9dd9a5da из кеша - findById68
2024-01-04 12:16:32,879 INFO [ru.clevertec.cache.impl.LFUCache] - Метод put() LFUCache.Объект с id 1be4206e-787f-4708-924f-1adf9dd9a5da: null - get37
2024-01-04 12:16:32,880 INFO [ru.clevertec.service.proxy.ProxyCarDAOImpl] - Метод findById() ProxyCarImpl.Объект Car с uuid 1be4206e-787f-4708-924f-1adf9dd9a5da из кеша равен null - findById71
2024-01-04 12:16:32,880 INFO [ru.clevertec.service.proxy.ProxyCarDAOImpl] - Метод findById() ProxyCarImpl.Получение объекта Car с uuid 1be4206e-787f-4708-924f-1adf9dd9a5da из БД - findById72
2024-01-04 12:16:32,943 INFO [ru.clevertec.service.proxy.ProxyCarDAOImpl] - Метод findById() ProxyCarImpl.Обновление объекта Car с uuid 1be4206e-787f-4708-924f-1adf9dd9a5da в кеше - findById76
2024-01-04 12:16:32,943 INFO [ru.clevertec.cache.impl.LFUCache] - Метод put() LFUCache. Объект из кеша с id 1be4206e-787f-4708-924f-1adf9dd9a5da: null - put54
2024-01-04 12:16:32,943 INFO [ru.clevertec.cache.impl.LFUCache] - Метод put() LFUCache. Превышен размер кеша. Удаление наиболее старого значения - put56
2024-01-04 12:16:32,944 INFO [ru.clevertec.cache.impl.LFUCache] - Метод put() LFUCache. Добавление нового значения в кеш: Car(id=1be4206e-787f-4708-924f-1adf9dd9a5da, brand=BMW, model=730, bodyType=SEDAN, engineCapacity=3.0, fuelType=PETROL) - put59
2024-01-04 12:16:32,944 INFO [ru.clevertec.cache.impl.LFUCache] - Метод put() LFUCache. Объект из кеша с id 1be4206e-787f-4708-924f-1adf9dd9a5da: Car(id=1be4206e-787f-4708-924f-1adf9dd9a5da, brand=BMW, model=730, bodyType=SEDAN, engineCapacity=3.0, fuelType=PETROL) - put76
2024-01-04 12:16:32,952 INFO [ru.clevertec.service.proxy.ProxyCarDAOImpl] - Метод findById() ProxyCarImpl.Получение объекта Car с uuid 1be4206e-787f-4708-924f-1adf9dd9a5da из кеша - findById68
2024-01-04 12:16:32,953 INFO [ru.clevertec.cache.impl.LFUCache] - Метод put() LFUCache.Объект с id 1be4206e-787f-4708-924f-1adf9dd9a5da: Car(id=1be4206e-787f-4708-924f-1adf9dd9a5da, brand=BMW, model=730, bodyType=SEDAN, engineCapacity=3.0, fuelType=PETROL) - get37
2024-01-04 12:16:32,953 INFO [ru.clevertec.service.proxy.ProxyCarDAOImpl] - Метод findById() ProxyCarImpl.Обновление объекта Car с uuid 1be4206e-787f-4708-924f-1adf9dd9a5da в кеше - findById82
2024-01-04 12:16:32,953 INFO [ru.clevertec.cache.impl.LFUCache] - Метод put() LFUCache. Обновление счетчика значения в кеш: Car(id=1be4206e-787f-4708-924f-1adf9dd9a5da, brand=BMW, model=730, bodyType=SEDAN, engineCapacity=3.0, fuelType=PETROL) - put74
2024-01-04 12:16:32,953 INFO [ru.clevertec.cache.impl.LFUCache] - Метод put() LFUCache. Объект из кеша с id 1be4206e-787f-4708-924f-1adf9dd9a5da: Car(id=1be4206e-787f-4708-924f-1adf9dd9a5da, brand=BMW, model=730, bodyType=SEDAN, engineCapacity=3.0, fuelType=PETROL) - put76
2024-01-04 12:16:32,954 INFO [ru.clevertec.service.proxy.ProxyCarDAOImpl] - Метод save() ProxyCarImpl.Объект Car Car(id=1be4206e-787f-4708-924f-1adf9dd9a5da, brand=BMW, model=730, bodyType=SEDAN, engineCapacity=3.0, fuelType=PETROL) сохраненение/обновление в БД - save30
2024-01-04 12:16:33,080 INFO [ru.clevertec.service.proxy.ProxyCarDAOImpl] - Метод save() ProxyCarImpl.Объект Car Car(id=1be4206e-787f-4708-924f-1adf9dd9a5da, brand=BMW, model=730, bodyType=SEDAN, engineCapacity=3.0, fuelType=PETROL) сохраненение/обновление в кеш - save32
2024-01-04 12:16:33,080 INFO [ru.clevertec.cache.impl.LFUCache] - Метод put() LFUCache. Обновление счетчика значения в кеш: Car(id=1be4206e-787f-4708-924f-1adf9dd9a5da, brand=BMW, model=730, bodyType=SEDAN, engineCapacity=3.0, fuelType=PETROL) - put74
2024-01-04 12:16:33,081 INFO [ru.clevertec.cache.impl.LFUCache] - Метод put() LFUCache. Объект из кеша с id 1be4206e-787f-4708-924f-1adf9dd9a5da: Car(id=1be4206e-787f-4708-924f-1adf9dd9a5da, brand=BMW, model=730, bodyType=SEDAN, engineCapacity=3.0, fuelType=PETROL) - put76
2024-01-04 12:16:33,084 ERROR [ru.clevertec.Main] - Invalid field brand - main66
2024-01-04 12:16:33,173 INFO [ru.clevertec.service.proxy.ProxyCarDAOImpl] - Метод findAll() ProxyCarImpl.Получение List<Car> из БД - findAll56
2024-01-04 12:18:11,730 INFO [ru.clevertec.service.proxy.ProxyCarDAOImpl - save 30] - Метод save() ProxyCarImpl.Объект Car Car(id=5978201e-a1ea-4f31-a2ed-9c6ed68ef4db, brand=Toyota, model=Hilux, bodyType=PICKUP, engineCapacity=2.5, fuelType=DIESEL) сохраненение/обновление в БД
2024-01-04 12:18:11,940 INFO [ru.clevertec.service.proxy.ProxyCarDAOImpl - save 32] - Метод save() ProxyCarImpl.Объект Car Car(id=5978201e-a1ea-4f31-a2ed-9c6ed68ef4db, brand=Toyota, model=Hilux, bodyType=PICKUP, engineCapacity=2.5, fuelType=DIESEL) сохраненение/обновление в кеш
2024-01-04 12:18:11,941 INFO [ru.clevertec.cache.impl.LFUCache - put 54] - Метод put() LFUCache. Объект из кеша с id 5978201e-a1ea-4f31-a2ed-9c6ed68ef4db: null
2024-01-04 12:18:11,941 INFO [ru.clevertec.cache.impl.LFUCache - put 59] - Метод put() LFUCache. Добавление нового значения в кеш: Car(id=5978201e-a1ea-4f31-a2ed-9c6ed68ef4db, brand=Toyota, model=Hilux, bodyType=PICKUP, engineCapacity=2.5, fuelType=DIESEL)
2024-01-04 12:18:11,941 INFO [ru.clevertec.cache.impl.LFUCache - put 76] - Метод put() LFUCache. Объект из кеша с id 5978201e-a1ea-4f31-a2ed-9c6ed68ef4db: Car(id=5978201e-a1ea-4f31-a2ed-9c6ed68ef4db, brand=Toyota, model=Hilux, bodyType=PICKUP, engineCapacity=2.5, fuelType=DIESEL)
2024-01-04 12:18:11,942 INFO [ru.clevertec.service.proxy.ProxyCarDAOImpl - save 30] - Метод save() ProxyCarImpl.Объект Car Car(id=e16dfed0-81c0-4b72-8dbf-77daf42f56b2, brand=BMW, model=5 G30, bodyType=SEDAN, engineCapacity=3.0, fuelType=DIESEL) сохраненение/обновление в БД
2024-01-04 12:18:12,082 INFO [ru.clevertec.service.proxy.ProxyCarDAOImpl - save 32] - Метод save() ProxyCarImpl.Объект Car Car(id=e16dfed0-81c0-4b72-8dbf-77daf42f56b2, brand=BMW, model=5 G30, bodyType=SEDAN, engineCapacity=3.0, fuelType=DIESEL) сохраненение/обновление в кеш
2024-01-04 12:18:12,082 INFO [ru.clevertec.cache.impl.LFUCache - put 54] - Метод put() LFUCache. Объект из кеша с id e16dfed0-81c0-4b72-8dbf-77daf42f56b2: null
2024-01-04 12:18:12,082 INFO [ru.clevertec.cache.impl.LFUCache - put 59] - Метод put() LFUCache. Добавление нового значения в кеш: Car(id=e16dfed0-81c0-4b72-8dbf-77daf42f56b2, brand=BMW, model=5 G30, bodyType=SEDAN, engineCapacity=3.0, fuelType=DIESEL)
2024-01-04 12:18:12,082 INFO [ru.clevertec.cache.impl.LFUCache - put 76] - Метод put() LFUCache. Объект из кеша с id e16dfed0-81c0-4b72-8dbf-77daf42f56b2: Car(id=e16dfed0-81c0-4b72-8dbf-77daf42f56b2, brand=BMW, model=5 G30, bodyType=SEDAN, engineCapacity=3.0, fuelType=DIESEL)
2024-01-04 12:18:12,083 INFO [ru.clevertec.service.proxy.ProxyCarDAOImpl - save 30] - Метод save() ProxyCarImpl.Объект Car Car(id=ce15e777-d2b2-4ad9-99c1-9c04ba66f7ed, brand=Volkswagen, model=Passat B8, bodyType=STATION_WAGON, engineCapacity=2.0, fuelType=PETROL) сохраненение/обновление в БД
2024-01-04 12:18:12,212 INFO [ru.clevertec.service.proxy.ProxyCarDAOImpl - save 32] - Метод save() ProxyCarImpl.Объект Car Car(id=ce15e777-d2b2-4ad9-99c1-9c04ba66f7ed, brand=Volkswagen, model=Passat B8, bodyType=STATION_WAGON, engineCapacity=2.0, fuelType=PETROL) сохраненение/обновление в кеш
2024-01-04 12:18:12,213 INFO [ru.clevertec.cache.impl.LFUCache - put 54] - Метод put() LFUCache. Объект из кеша с id ce15e777-d2b2-4ad9-99c1-9c04ba66f7ed: null
2024-01-04 12:18:12,213 INFO [ru.clevertec.cache.impl.LFUCache - put 59] - Метод put() LFUCache. Добавление нового значения в кеш: Car(id=ce15e777-d2b2-4ad9-99c1-9c04ba66f7ed, brand=Volkswagen, model=Passat B8, bodyType=STATION_WAGON, engineCapacity=2.0, fuelType=PETROL)
2024-01-04 12:18:12,213 INFO [ru.clevertec.cache.impl.LFUCache - put 76] - Метод put() LFUCache. Объект из кеша с id ce15e777-d2b2-4ad9-99c1-9c04ba66f7ed: Car(id=ce15e777-d2b2-4ad9-99c1-9c04ba66f7ed, brand=Volkswagen, model=Passat B8, bodyType=STATION_WAGON, engineCapacity=2.0, fuelType=PETROL)
2024-01-04 12:18:12,213 INFO [ru.clevertec.service.proxy.ProxyCarDAOImpl - save 30] - Метод save() ProxyCarImpl.Объект Car Car(id=57953a03-3b40-4c1b-becb-69dc03e88267, brand=Toyota, model=Hilux, bodyType=PICKUP, engineCapacity=2.5, fuelType=DIESEL) сохраненение/обновление в БД
2024-01-04 12:18:12,346 INFO [ru.clevertec.service.proxy.ProxyCarDAOImpl - save 32] - Метод save() ProxyCarImpl.Объект Car Car(id=57953a03-3b40-4c1b-becb-69dc03e88267, brand=Toyota, model=Hilux, bodyType=PICKUP, engineCapacity=2.5, fuelType=DIESEL) сохраненение/обновление в кеш
2024-01-04 12:18:12,346 INFO [ru.clevertec.cache.impl.LFUCache - put 54] - Метод put() LFUCache. Объект из кеша с id 57953a03-3b40-4c1b-becb-69dc03e88267: null
2024-01-04 12:18:12,346 INFO [ru.clevertec.cache.impl.LFUCache - put 59] - Метод put() LFUCache. Добавление нового значения в кеш: Car(id=57953a03-3b40-4c1b-becb-69dc03e88267, brand=Toyota, model=Hilux, bodyType=PICKUP, engineCapacity=2.5, fuelType=DIESEL)
2024-01-04 12:18:12,346 INFO [ru.clevertec.cache.impl.LFUCache - put 76] - Метод put() LFUCache. Объект из кеша с id 57953a03-3b40-4c1b-becb-69dc03e88267: Car(id=57953a03-3b40-4c1b-becb-69dc03e88267, brand=Toyota, model=Hilux, bodyType=PICKUP, engineCapacity=2.5, fuelType=DIESEL)
2024-01-04 12:18:12,347 INFO [ru.clevertec.service.proxy.ProxyCarDAOImpl - save 30] - Метод save() ProxyCarImpl.Объект Car Car(id=4931c9c9-c519-4219-802d-8544a0119007, brand=BMW, model=5 G30, bodyType=SEDAN, engineCapacity=3.0, fuelType=DIESEL) сохраненение/обновление в БД
2024-01-04 12:18:12,479 INFO [ru.clevertec.service.proxy.ProxyCarDAOImpl - save 32] - Метод save() ProxyCarImpl.Объект Car Car(id=4931c9c9-c519-4219-802d-8544a0119007, brand=BMW, model=5 G30, bodyType=SEDAN, engineCapacity=3.0, fuelType=DIESEL) сохраненение/обновление в кеш
2024-01-04 12:18:12,479 INFO [ru.clevertec.cache.impl.LFUCache - put 54] - Метод put() LFUCache. Объект из кеша с id 4931c9c9-c519-4219-802d-8544a0119007: null
2024-01-04 12:18:12,480 INFO [ru.clevertec.cache.impl.LFUCache - put 56] - Метод put() LFUCache. Превышен размер кеша. Удаление наиболее старого значения
2024-01-04 12:18:12,481 INFO [ru.clevertec.cache.impl.LFUCache - put 59] - Метод put() LFUCache. Добавление нового значения в кеш: Car(id=4931c9c9-c519-4219-802d-8544a0119007, brand=BMW, model=5 G30, bodyType=SEDAN, engineCapacity=3.0, fuelType=DIESEL)
2024-01-04 12:18:12,481 INFO [ru.clevertec.cache.impl.LFUCache - put 76] - Метод put() LFUCache. Объект из кеша с id 4931c9c9-c519-4219-802d-8544a0119007: Car(id=4931c9c9-c519-4219-802d-8544a0119007, brand=BMW, model=5 G30, bodyType=SEDAN, engineCapacity=3.0, fuelType=DIESEL)
2024-01-04 12:18:12,482 INFO [ru.clevertec.service.proxy.ProxyCarDAOImpl - save 30] - Метод save() ProxyCarImpl.Объект Car Car(id=9bc9e972-a434-45bd-bcbe-0ca36b627380, brand=BMW, model=5 G30, bodyType=SEDAN, engineCapacity=3.0, fuelType=DIESEL) сохраненение/обновление в БД
2024-01-04 12:18:12,605 INFO [ru.clevertec.service.proxy.ProxyCarDAOImpl - save 32] - Метод save() ProxyCarImpl.Объект Car Car(id=9bc9e972-a434-45bd-bcbe-0ca36b627380, brand=BMW, model=5 G30, bodyType=SEDAN, engineCapacity=3.0, fuelType=DIESEL) сохраненение/обновление в кеш
2024-01-04 12:18:12,605 INFO [ru.clevertec.cache.impl.LFUCache - put 54] - Метод put() LFUCache. Объект из кеша с id 9bc9e972-a434-45bd-bcbe-0ca36b627380: null
2024-01-04 12:18:12,605 INFO [ru.clevertec.cache.impl.LFUCache - put 56] - Метод put() LFUCache. Превышен размер кеша. Удаление наиболее старого значения
2024-01-04 12:18:12,605 INFO [ru.clevertec.cache.impl.LFUCache - put 59] - Метод put() LFUCache. Добавление нового значения в кеш: Car(id=9bc9e972-a434-45bd-bcbe-0ca36b627380, brand=BMW, model=5 G30, bodyType=SEDAN, engineCapacity=3.0, fuelType=DIESEL)
2024-01-04 12:18:12,606 INFO [ru.clevertec.cache.impl.LFUCache - put 76] - Метод put() LFUCache. Объект из кеша с id 9bc9e972-a434-45bd-bcbe-0ca36b627380: Car(id=9bc9e972-a434-45bd-bcbe-0ca36b627380, brand=BMW, model=5 G30, bodyType=SEDAN, engineCapacity=3.0, fuelType=DIESEL)
2024-01-04 12:18:12,606 INFO [ru.clevertec.service.proxy.ProxyCarDAOImpl - save 30] - Метод save() ProxyCarImpl.Объект Car Car(id=a527529e-b8c1-41f4-a253-8fdab1e3c2cc, brand=BMW, model=730, bodyType=SEDAN, engineCapacity=3.0, fuelType=PETROL) сохраненение/обновление в БД
2024-01-04 12:18:12,748 INFO [ru.clevertec.service.proxy.ProxyCarDAOImpl - save 32] - Метод save() ProxyCarImpl.Объект Car Car(id=a527529e-b8c1-41f4-a253-8fdab1e3c2cc, brand=BMW, model=730, bodyType=SEDAN, engineCapacity=3.0, fuelType=PETROL) сохраненение/обновление в кеш
2024-01-04 12:18:12,748 INFO [ru.clevertec.cache.impl.LFUCache - put 54] - Метод put() LFUCache. Объект из кеша с id a527529e-b8c1-41f4-a253-8fdab1e3c2cc: null
2024-01-04 12:18:12,749 INFO [ru.clevertec.cache.impl.LFUCache - put 56] - Метод put() LFUCache. Превышен размер кеша. Удаление наиболее старого значения
2024-01-04 12:18:12,749 INFO [ru.clevertec.cache.impl.LFUCache - put 59] - Метод put() LFUCache. Добавление нового значения в кеш: Car(id=a527529e-b8c1-41f4-a253-8fdab1e3c2cc, brand=BMW, model=730, bodyType=SEDAN, engineCapacity=3.0, fuelType=PETROL)
2024-01-04 12:18:12,749 INFO [ru.clevertec.cache.impl.LFUCache - put 76] - Метод put() LFUCache. Объект из кеша с id a527529e-b8c1-41f4-a253-8fdab1e3c2cc: Car(id=a527529e-b8c1-41f4-a253-8fdab1e3c2cc, brand=BMW, model=730, bodyType=SEDAN, engineCapacity=3.0, fuelType=PETROL)
2024-01-04 12:18:12,749 INFO [ru.clevertec.service.proxy.ProxyCarDAOImpl - delete 43] - Метод delete() ProxyCarImpl.Объект Car с uuid 26635638-2f30-4891-81a0-bcac1f97b0d4 удаление из БД
2024-01-04 12:18:12,813 INFO [ru.clevertec.service.proxy.ProxyCarDAOImpl - delete 45] - Метод delete() ProxyCarImpl.Объект Car с uuid 26635638-2f30-4891-81a0-bcac1f97b0d4 удаление из кеша
2024-01-04 12:18:12,813 INFO [ru.clevertec.cache.impl.LFUCache - removeByKey 134] - Метод put() LFUCache. Удаление объект из кеша с id 26635638-2f30-4891-81a0-bcac1f97b0d4: null
2024-01-04 12:18:12,813 INFO [ru.clevertec.service.proxy.ProxyCarDAOImpl - findById 68] - Метод findById() ProxyCarImpl.Получение объекта Car с uuid 26635638-2f30-4891-81a0-bcac1f97b0d4 из кеша
2024-01-04 12:18:12,814 INFO [ru.clevertec.cache.impl.LFUCache - get 37] - Метод put() LFUCache.Объект с id 26635638-2f30-4891-81a0-bcac1f97b0d4: null
2024-01-04 12:18:12,814 INFO [ru.clevertec.service.proxy.ProxyCarDAOImpl - findById 71] - Метод findById() ProxyCarImpl.Объект Car с uuid 26635638-2f30-4891-81a0-bcac1f97b0d4 из кеша равен null
2024-01-04 12:18:12,814 INFO [ru.clevertec.service.proxy.ProxyCarDAOImpl - findById 72] - Метод findById() ProxyCarImpl.Получение объекта Car с uuid 26635638-2f30-4891-81a0-bcac1f97b0d4 из БД
2024-01-04 12:18:12,876 ERROR [ru.clevertec.Main - main 51] - Car with uuid: 26635638-2f30-4891-81a0-bcac1f97b0d4 not found
2024-01-04 12:18:12,876 INFO [ru.clevertec.service.proxy.ProxyCarDAOImpl - findById 68] - Метод findById() ProxyCarImpl.Получение объекта Car с uuid 1be4206e-787f-4708-924f-1adf9dd9a5da из кеша
2024-01-04 12:18:12,876 INFO [ru.clevertec.cache.impl.LFUCache - get 37] - Метод put() LFUCache.Объект с id 1be4206e-787f-4708-924f-1adf9dd9a5da: null
2024-01-04 12:18:12,876 INFO [ru.clevertec.service.proxy.ProxyCarDAOImpl - findById 71] - Метод findById() ProxyCarImpl.Объект Car с uuid 1be4206e-787f-4708-924f-1adf9dd9a5da из кеша равен null
2024-01-04 12:18:12,876 INFO [ru.clevertec.service.proxy.ProxyCarDAOImpl - findById 72] - Метод findById() ProxyCarImpl.Получение объекта Car с uuid 1be4206e-787f-4708-924f-1adf9dd9a5da из БД
2024-01-04 12:18:12,943 INFO [ru.clevertec.service.proxy.ProxyCarDAOImpl - findById 76] - Метод findById() ProxyCarImpl.Обновление объекта Car с uuid 1be4206e-787f-4708-924f-1adf9dd9a5da в кеше
2024-01-04 12:18:12,943 INFO [ru.clevertec.cache.impl.LFUCache - put 54] - Метод put() LFUCache. Объект из кеша с id 1be4206e-787f-4708-924f-1adf9dd9a5da: null
2024-01-04 12:18:12,943 INFO [ru.clevertec.cache.impl.LFUCache - put 56] - Метод put() LFUCache. Превышен размер кеша. Удаление наиболее старого значения
2024-01-04 12:18:12,944 INFO [ru.clevertec.cache.impl.LFUCache - put 59] - Метод put() LFUCache. Добавление нового значения в кеш: Car(id=1be4206e-787f-4708-924f-1adf9dd9a5da, brand=BMW, model=730, bodyType=SEDAN, engineCapacity=3.0, fuelType=PETROL)
2024-01-04 12:18:12,944 INFO [ru.clevertec.cache.impl.LFUCache - put 76] - Метод put() LFUCache. Объект из кеша с id 1be4206e-787f-4708-924f-1adf9dd9a5da: Car(id=1be4206e-787f-4708-924f-1adf9dd9a5da, brand=BMW, model=730, bodyType=SEDAN, engineCapacity=3.0, fuelType=PETROL)
2024-01-04 12:18:12,951 INFO [ru.clevertec.service.proxy.ProxyCarDAOImpl - findById 68] - Метод findById() ProxyCarImpl.Получение объекта Car с uuid 1be4206e-787f-4708-924f-1adf9dd9a5da из кеша
2024-01-04 12:18:12,951 INFO [ru.clevertec.cache.impl.LFUCache - get 37] - Метод put() LFUCache.Объект с id 1be4206e-787f-4708-924f-1adf9dd9a5da: Car(id=1be4206e-787f-4708-924f-1adf9dd9a5da, brand=BMW, model=730, bodyType=SEDAN, engineCapacity=3.0, fuelType=PETROL)
2024-01-04 12:18:12,951 INFO [ru.clevertec.service.proxy.ProxyCarDAOImpl - findById 82] - Метод findById() ProxyCarImpl.Обновление объекта Car с uuid 1be4206e-787f-4708-924f-1adf9dd9a5da в кеше
2024-01-04 12:18:12,951 INFO [ru.clevertec.cache.impl.LFUCache - put 74] - Метод put() LFUCache. Обновление счетчика значения в кеш: Car(id=1be4206e-787f-4708-924f-1adf9dd9a5da, brand=BMW, model=730, bodyType=SEDAN, engineCapacity=3.0, fuelType=PETROL)
2024-01-04 12:18:12,952 INFO [ru.clevertec.cache.impl.LFUCache - put 76] - Метод put() LFUCache. Объект из кеша с id 1be4206e-787f-4708-924f-1adf9dd9a5da: Car(id=1be4206e-787f-4708-924f-1adf9dd9a5da, brand=BMW, model=730, bodyType=SEDAN, engineCapacity=3.0, fuelType=PETROL)
2024-01-04 12:18:12,952 INFO [ru.clevertec.service.proxy.ProxyCarDAOImpl - save 30] - Метод save() ProxyCarImpl.Объект Car Car(id=1be4206e-787f-4708-924f-1adf9dd9a5da, brand=BMW, model=730, bodyType=SEDAN, engineCapacity=3.0, fuelType=PETROL) сохраненение/обновление в БД
2024-01-04 12:18:13,070 INFO [ru.clevertec.service.proxy.ProxyCarDAOImpl - save 32] - Метод save() ProxyCarImpl.Объект Car Car(id=1be4206e-787f-4708-924f-1adf9dd9a5da, brand=BMW, model=730, bodyType=SEDAN, engineCapacity=3.0, fuelType=PETROL) сохраненение/обновление в кеш
2024-01-04 12:18:13,071 INFO [ru.clevertec.cache.impl.LFUCache - put 74] - Метод put() LFUCache. Обновление счетчика значения в кеш: Car(id=1be4206e-787f-4708-924f-1adf9dd9a5da, brand=BMW, model=730, bodyType=SEDAN, engineCapacity=3.0, fuelType=PETROL)
2024-01-04 12:18:13,071 INFO [ru.clevertec.cache.impl.LFUCache - put 76] - Метод put() LFUCache. Объект из кеша с id 1be4206e-787f-4708-924f-1adf9dd9a5da: Car(id=1be4206e-787f-4708-924f-1adf9dd9a5da, brand=BMW, model=730, bodyType=SEDAN, engineCapacity=3.0, fuelType=PETROL)
2024-01-04 12:18:13,073 ERROR [ru.clevertec.Main - main 66] - Invalid field brand
2024-01-04 12:18:13,145 INFO [ru.clevertec.service.proxy.ProxyCarDAOImpl - findAll 56] - Метод findAll() ProxyCarImpl.Получение List<Car> из БД
